<?xml version="1.0" encoding="UTF-8"?>
<!-- Generated by org.testng.reporters.JUnitXMLReporter -->
<testsuite ignored="0" hostname="Nazmuls-MacBook-Pro.local" failures="1" tests="4" name="Test" time="64.917" errors="0" timestamp="2022-06-11T07:35:18 GMT-04:00">
  <testcase classname="EndToEndSeleniumAutomation.TestCases_For_Home_Page_Validation" name="home_Bar_And_Title_Validate" time="0.115"/>
  <testcase classname="EndToEndSeleniumAutomation.TestCases_Class" name="homePageAmazon_01" time="2.236"/>
  <testcase classname="EndToEndSeleniumAutomation.TestCases_Class" name="homePageAmazon_01" time="10.081">
    <failure type="org.openqa.selenium.NoSuchElementException" message="no such element: Unable to locate element: {&amp;quot;method&amp;quot;:&amp;quot;css selector&amp;quot;,&amp;quot;selector&amp;quot;:&amp;quot;body &amp;gt; div:nth-child(36) &amp;gt; div:nth-child(2) &amp;gt; div:nth-child(1) &amp;gt; div:nth-child(1) &amp;gt; div:nth-child(1) &amp;gt; span:nth-child(2) &amp;gt; div:nth-child(1) &amp;gt; div:nth-child(7) &amp;gt; div:nth-child(1) &amp;gt; div:nth-child(1) &amp;gt; button:nth-child(1)&amp;quot;}
  (Session info: chrome=102.0.5005.61)
For documentation on this error, please visit: https://selenium.dev/exceptions/#no_such_element
Build info: version: &amp;apos;4.2.1&amp;apos;, revision: &amp;apos;ac4d0fdd4a&amp;apos;
System info: host: &amp;apos;Nazmuls-MacBook-Pro.local&amp;apos;, ip: &amp;apos;fe80:0:0:0:1090:9c0c:1730:97b1%en0&amp;apos;, os.name: &amp;apos;Mac OS X&amp;apos;, os.arch: &amp;apos;x86_64&amp;apos;, os.version: &amp;apos;10.16&amp;apos;, java.version: &amp;apos;15.0.1&amp;apos;
Driver info: org.openqa.selenium.chrome.ChromeDriver
Command: [5c5c7087360da6acb81afc46208dfcea, findElement {using=css selector, value=body &amp;gt; div:nth-child(36) &amp;gt; div:nth-child(2) &amp;gt; div:nth-child(1) &amp;gt; div:nth-child(1) &amp;gt; div:nth-child(1) &amp;gt; span:nth-child(2) &amp;gt; div:nth-child(1) &amp;gt; div:nth-child(7) &amp;gt; div:nth-child(1) &amp;gt; div:nth-child(1) &amp;gt; button:nth-child(1)}]
Capabilities {acceptInsecureCerts: false, browserName: chrome, browserVersion: 102.0.5005.61, chrome: {chromedriverVersion: 102.0.5005.61 (0e59bcc00cc4..., userDataDir: /var/folders/0k/n66tc2p533j...}, goog:chromeOptions: {debuggerAddress: localhost:55602}, networkConnectionEnabled: false, pageLoadStrategy: normal, platformName: MAC, proxy: Proxy(), se:cdp: ws://localhost:55602/devtoo..., se:cdpVersion: 102.0.5005.61, setWindowRect: true, strictFileInteractability: false, timeouts: {implicit: 0, pageLoad: 300000, script: 30000}, unhandledPromptBehavior: dismiss and notify, webauthn:extension:credBlob: true, webauthn:extension:largeBlob: true, webauthn:virtualAuthenticators: true}
Session ID: 5c5c7087360da6acb81afc46208dfcea">
      <![CDATA[org.openqa.selenium.NoSuchElementException: no such element: Unable to locate element: {"method":"css selector","selector":"body > div:nth-child(36) > div:nth-child(2) > div:nth-child(1) > div:nth-child(1) > div:nth-child(1) > span:nth-child(2) > div:nth-child(1) > div:nth-child(7) > div:nth-child(1) > div:nth-child(1) > button:nth-child(1)"}
  (Session info: chrome=102.0.5005.61)
For documentation on this error, please visit: https://selenium.dev/exceptions/#no_such_element
Build info: version: '4.2.1', revision: 'ac4d0fdd4a'
System info: host: 'Nazmuls-MacBook-Pro.local', ip: 'fe80:0:0:0:1090:9c0c:1730:97b1%en0', os.name: 'Mac OS X', os.arch: 'x86_64', os.version: '10.16', java.version: '15.0.1'
Driver info: org.openqa.selenium.chrome.ChromeDriver
Command: [5c5c7087360da6acb81afc46208dfcea, findElement {using=css selector, value=body > div:nth-child(36) > div:nth-child(2) > div:nth-child(1) > div:nth-child(1) > div:nth-child(1) > span:nth-child(2) > div:nth-child(1) > div:nth-child(7) > div:nth-child(1) > div:nth-child(1) > button:nth-child(1)}]
Capabilities {acceptInsecureCerts: false, browserName: chrome, browserVersion: 102.0.5005.61, chrome: {chromedriverVersion: 102.0.5005.61 (0e59bcc00cc4..., userDataDir: /var/folders/0k/n66tc2p533j...}, goog:chromeOptions: {debuggerAddress: localhost:55602}, networkConnectionEnabled: false, pageLoadStrategy: normal, platformName: MAC, proxy: Proxy(), se:cdp: ws://localhost:55602/devtoo..., se:cdpVersion: 102.0.5005.61, setWindowRect: true, strictFileInteractability: false, timeouts: {implicit: 0, pageLoad: 300000, script: 30000}, unhandledPromptBehavior: dismiss and notify, webauthn:extension:credBlob: true, webauthn:extension:largeBlob: true, webauthn:virtualAuthenticators: true}
Session ID: 5c5c7087360da6acb81afc46208dfcea
at org.openqa.selenium.remote.codec.w3c.W3CHttpResponseCodec.createException(W3CHttpResponseCodec.java:200)
at org.openqa.selenium.remote.codec.w3c.W3CHttpResponseCodec.decode(W3CHttpResponseCodec.java:133)
at org.openqa.selenium.remote.codec.w3c.W3CHttpResponseCodec.decode(W3CHttpResponseCodec.java:53)
at org.openqa.selenium.remote.HttpCommandExecutor.execute(HttpCommandExecutor.java:184)
at org.openqa.selenium.remote.service.DriverCommandExecutor.invokeExecute(DriverCommandExecutor.java:167)
at org.openqa.selenium.remote.service.DriverCommandExecutor.execute(DriverCommandExecutor.java:142)
at org.openqa.selenium.remote.RemoteWebDriver.execute(RemoteWebDriver.java:551)
at org.openqa.selenium.remote.ElementLocation$ElementFinder$2.findElement(ElementLocation.java:162)
at org.openqa.selenium.remote.ElementLocation.findElement(ElementLocation.java:60)
at org.openqa.selenium.remote.RemoteWebDriver.findElement(RemoteWebDriver.java:369)
at org.openqa.selenium.remote.RemoteWebDriver.findElement(RemoteWebDriver.java:361)
at pageObject.landingPage.alert_Close_02(landingPage.java:25)
at EndToEndSeleniumAutomation.TestCases_Class.homePageAmazon_01(TestCases_Class.java:45)
at java.base/java.util.ArrayList.forEach(ArrayList.java:1511)
... Removed 32 stack frames]]>
    </failure>
  </testcase> <!-- homePageAmazon_01 -->
  <testcase classname="EndToEndSeleniumAutomation.AppTest" name="shouldAnswerWithTrue" time="0.002"/>
</testsuite> <!-- Test -->
