<?xml version="1.0" encoding="UTF-8"?>
<!-- Generated by org.testng.reporters.JUnitXMLReporter -->
<testsuite ignored="0" hostname="Nazmuls-MacBook-Pro.local" failures="1" tests="1" name="Test1" time="28.153" errors="0" timestamp="2022-07-14T11:08:34 GMT-04:00">
  <testcase classname="EndToEndSeleniumAutomation.TestCases_For_Home_Page_Validation" name="home_Bar_And_Title_Validate" time="0.121">
    <failure type="java.lang.AssertionError" message="expected [FEATURED 123COURSES] but found [FEATURED COURSES]">
      <![CDATA[java.lang.AssertionError: expected [FEATURED 123COURSES] but found [FEATURED COURSES]
at EndToEndSeleniumAutomation.TestCases_For_Home_Page_Validation.home_Bar_And_Title_Validate(TestCases_For_Home_Page_Validation.java:32)
at java.base/java.util.ArrayList.forEach(ArrayList.java:1511)
at java.base/java.util.concurrent.FutureTask.run(FutureTask.java:264)
at java.base/java.util.concurrent.ThreadPoolExecutor.runWorker(ThreadPoolExecutor.java:1130)
at java.base/java.util.concurrent.ThreadPoolExecutor$Worker.run(ThreadPoolExecutor.java:630)
at java.base/java.lang.Thread.run(Thread.java:832)
... Removed 24 stack frames]]>
    </failure>
  </testcase> <!-- home_Bar_And_Title_Validate -->
</testsuite> <!-- Test1 -->
